[INFO] Scanning for projects...
[INFO] 
[INFO] ---------------< com.siddharthmulupuru:passwordmanager >----------------
[INFO] Building passwordmanager 0.0.1-SNAPSHOT
[INFO]   from pom.xml
[INFO] --------------------------------[ jar ]---------------------------------
[INFO] 
[INFO] >>> spring-boot:4.0.3:run (default-cli) > test-compile @ passwordmanager >>>
[INFO] 
[INFO] --- resources:3.3.1:resources (default-resources) @ passwordmanager ---
[INFO] Copying 3 resources from src\main\resources to target\classes
[INFO] Copying 4 resources from src\main\resources to target\classes
[INFO] 
[INFO] --- compiler:3.14.1:compile (default-compile) @ passwordmanager ---
[INFO] Nothing to compile - all classes are up to date.
[INFO] 
[INFO] --- resources:3.3.1:testResources (default-testResources) @ passwordmanager ---
[INFO] skip non existing resourceDirectory C:\Projects\passwordmanager\src\test\resources
[INFO] 
[INFO] --- compiler:3.14.1:testCompile (default-testCompile) @ passwordmanager ---
[INFO] Nothing to compile - all classes are up to date.
[INFO] 
[INFO] <<< spring-boot:4.0.3:run (default-cli) < test-compile @ passwordmanager <<<
[INFO] 
[INFO] 
[INFO] --- spring-boot:4.0.3:run (default-cli) @ passwordmanager ---
[INFO] Attaching agents: []
